<?xml version="1.0" encoding="UTF-8"?>
<!-- Generated by org.testng.reporters.JUnitReportReporter -->
<testsuite skipped="0" hostname="VAIO" name="testcases.SomeTest" tests="1" failures="0" timestamp="18 May 2020 16:17:44 GMT" time="7.190" errors="0">
  <testcase name="googleTest" time="7.190" classname="testcases.SomeTest"/>
</testsuite> <!-- testcases.SomeTest -->
