<?xml version="1.0" encoding="UTF-8"?>
<!-- Generated by org.testng.reporters.JUnitReportReporter -->
<testsuite skipped="0" hostname="BiswajitsVAIO" name="testcases.SomeTest" tests="1" failures="0" timestamp="25 Aug 2019 07:06:13 GMT" time="11.674" errors="0">
  <testcase name="googleTest" time="11.674" classname="testcases.SomeTest"/>
</testsuite> <!-- testcases.SomeTest -->
