<?xml version="1.0" encoding="UTF-8"?>
<!-- Generated by org.testng.reporters.JUnitReportReporter -->
<testsuite skipped="0" hostname="BiswajitsVAIO" name="testcases.SomeTest" tests="1" failures="0" timestamp="23 Aug 2019 17:55:08 GMT" time="25.987" errors="0">
  <testcase name="googleTest" time="25.987" classname="testcases.SomeTest"/>
</testsuite> <!-- testcases.SomeTest -->
