<?xml version="1.0" encoding="UTF-8"?>
<!-- Generated by org.testng.reporters.JUnitReportReporter -->
<testsuite skipped="0" hostname="VAIO" name="testcases.SomeTest" tests="1" failures="0" timestamp="18 May 2020 16:24:39 GMT" time="8.736" errors="0">
  <testcase name="googleTest" time="8.736" classname="testcases.SomeTest"/>
</testsuite> <!-- testcases.SomeTest -->
